## ComfyUI-Manager: installing dependencies done.
[2024-06-18 17:46] ** ComfyUI startup time: 2024-06-18 17:46:45.417343
[2024-06-18 17:46] ** Platform: Darwin
[2024-06-18 17:46] ** Python version: 3.8.8 (default, Apr 13 2021, 12:59:45) 
[Clang 10.0.0 ]
[2024-06-18 17:46] ** Python executable: /Users/wangyuan198/Downloads/anaconda3/bin/python
[2024-06-18 17:46] ** Log path: /Users/wangyuan198/Documents/study/ml-in-fe/ComfyUI/comfyui.log
[2024-06-18 17:46] 
Prestartup times for custom nodes:
[2024-06-18 17:46]    5.6 seconds: /Users/wangyuan198/Documents/study/ml-in-fe/ComfyUI/custom_nodes/ComfyUI-Manager
[2024-06-18 17:46] 
Total VRAM 16384 MB, total RAM 16384 MB
[2024-06-18 17:46] pytorch version: 2.2.2
[2024-06-18 17:46] Forcing FP16.
[2024-06-18 17:46] Set vram state to: SHARED
[2024-06-18 17:46] Device: mps
[2024-06-18 17:47] Using sub quadratic optimization for cross attention, if you have memory or speed issues try using: --use-split-cross-attention
[2024-06-18 17:47] ### Loading: ComfyUI-Manager (V2.38.1)
[2024-06-18 17:47] ### ComfyUI Revision: 2262 [ebca77ed] | Released on '2024-06-18'
[2024-06-18 17:47] Traceback (most recent call last):
  File "/Users/wangyuan198/Documents/study/ml-in-fe/ComfyUI/nodes.py", line 1906, in load_custom_node
    module_spec.loader.exec_module(module)
  File "<frozen importlib._bootstrap_external>", line 779, in exec_module
  File "<frozen importlib._bootstrap_external>", line 915, in get_code
  File "<frozen importlib._bootstrap_external>", line 972, in get_data
FileNotFoundError: [Errno 2] No such file or directory: '/Users/wangyuan198/Documents/study/ml-in-fe/ComfyUI/custom_nodes/.ipynb_checkpoints/__init__.py'

[2024-06-18 17:47] Cannot import /Users/wangyuan198/Documents/study/ml-in-fe/ComfyUI/custom_nodes/.ipynb_checkpoints module for custom nodes: [Errno 2] No such file or directory: '/Users/wangyuan198/Documents/study/ml-in-fe/ComfyUI/custom_nodes/.ipynb_checkpoints/__init__.py'
[2024-06-18 17:47] 
Import times for custom nodes:
[2024-06-18 17:47]    0.0 seconds (IMPORT FAILED): /Users/wangyuan198/Documents/study/ml-in-fe/ComfyUI/custom_nodes/.ipynb_checkpoints
[2024-06-18 17:47]    0.0 seconds: /Users/wangyuan198/Documents/study/ml-in-fe/ComfyUI/custom_nodes/websocket_image_save.py
[2024-06-18 17:47]    0.0 seconds: /Users/wangyuan198/Documents/study/ml-in-fe/ComfyUI/custom_nodes/AIGODLIKE-COMFYUI-TRANSLATION
[2024-06-18 17:47]    0.2 seconds: /Users/wangyuan198/Documents/study/ml-in-fe/ComfyUI/custom_nodes/ComfyUI-Manager
[2024-06-18 17:47] 
[2024-06-18 17:47] Starting server

[2024-06-18 17:47] To see the GUI go to: http://127.0.0.1:8188
[2024-06-18 17:47] [ComfyUI-Manager] default cache updated: https://raw.githubusercontent.com/ltdrdata/ComfyUI-Manager/main/extension-node-map.json
[2024-06-18 17:47] [ComfyUI-Manager] default cache updated: https://raw.githubusercontent.com/ltdrdata/ComfyUI-Manager/main/alter-list.json
[2024-06-18 17:47] [ComfyUI-Manager] default cache updated: https://raw.githubusercontent.com/ltdrdata/ComfyUI-Manager/main/custom-node-list.json
[2024-06-18 17:47] [ComfyUI-Manager] default cache updated: https://raw.githubusercontent.com/ltdrdata/ComfyUI-Manager/main/github-stats.json
[2024-06-18 17:47] [ComfyUI-Manager] default cache updated: https://raw.githubusercontent.com/ltdrdata/ComfyUI-Manager/main/model-list.json
[2024-06-18 17:47] FETCH DATA from: /Users/wangyuan198/Documents/study/ml-in-fe/ComfyUI/custom_nodes/ComfyUI-Manager/extension-node-map.json [DONE]
[2024-06-18 17:57] got prompt
[2024-06-18 17:57] model_type EPS
[2024-06-18 17:57] Using split attention in VAE
[2024-06-18 17:57] Using split attention in VAE
[2024-06-18 17:58] Requested to load SDXLClipModel
[2024-06-18 17:58] Loading 1 new model
[2024-06-18 17:58] Requested to load AutoencoderKL
[2024-06-18 17:58] Loading 1 new model
[2024-06-18 17:58] Requested to load SDXL
[2024-06-18 17:58] Loading 1 new model
[2024-06-18 18:02] got prompt
[2024-06-18 18:02] got prompt
[2024-06-18 18:02] got prompt
[2024-06-18 18:02] got prompt
[2024-06-18 18:03] 
Stopped server
